<?xml version="1.0" encoding="UTF-8"?>
<!-- Generated by org.testng.reporters.JUnitReportReporter -->
<testsuite hostname="NARAYAN" failures="0" tests="2" name="TestNG.sample1" time="0.021" errors="0" timestamp="2020-12-02T22:17:28 IST" skipped="0">
  <testcase classname="TestNG.sample1" name="TC2" time="0.002"/>
  <system-out>
Running TC2  </system-out>
  <testcase classname="TestNG.sample1" name="TC1" time="0.019"/>
  <system-out>
Running TC1  </system-out>
</testsuite> <!-- TestNG.sample1 -->
