<?xml version="1.0" encoding="UTF-8"?>
<!-- Generated by org.testng.reporters.JUnitReportReporter -->
<testsuite hostname="NARAYAN" failures="0" tests="1" name="TestNG.sample" time="0.010" errors="0" timestamp="2020-11-30T21:58:57 IST" skipped="0">
  <testcase classname="TestNG.sample" name="test" time="0.010"/>
  <system-out/>
</testsuite> <!-- TestNG.sample -->
