<?xml version="1.0" encoding="UTF-8"?>
<!-- Generated by org.testng.reporters.JUnitReportReporter -->
<testsuite hostname="NARAYAN" failures="0" tests="3" name="TestNG.keywords" time="0.048" errors="0" timestamp="2020-12-06T20:57:52 IST" skipped="0">
  <testcase classname="TestNG.keywords" name="test" time="0.002"/>
  <system-out/>
  <testcase classname="TestNG.keywords" name="xyz" time="0.034"/>
  <system-out/>
  <testcase classname="TestNG.keywords" name="zzz" time="0.012"/>
  <system-out/>
</testsuite> <!-- TestNG.keywords -->
