<?xml version="1.0" encoding="UTF-8"?>
<!-- Generated by org.testng.reporters.JUnitReportReporter -->
<testsuite hostname="NARAYAN" failures="0" tests="1" name="failure_xml_file.ExecuteOnlyFailureTestcase" time="0.015" errors="0" timestamp="2020-12-08T17:09:43 IST" skipped="0">
  <testcase classname="failure_xml_file.ExecuteOnlyFailureTestcase" name="TC3" time="0.015"/>
  <system-out>
Running TC3  </system-out>
</testsuite> <!-- failure_xml_file.ExecuteOnlyFailureTestcase -->
