<?xml version="1.0" encoding="UTF-8"?>
<!-- Generated by org.testng.reporters.JUnitReportReporter -->
<testsuite hostname="NARAYAN" failures="0" tests="1" name="paraller.class1" time="12.969" errors="0" timestamp="2021-01-16T12:59:37 IST" skipped="0">
  <testcase classname="paraller.class1" name="TC1" time="12.969"/>
  <system-out/>
</testsuite> <!-- paraller.class1 -->
