<?xml version="1.0" encoding="UTF-8"?>
<!-- Generated by org.testng.reporters.JUnitReportReporter -->
<testsuite hostname="NARAYAN" failures="0" tests="1" name="POM_DDF_Testng_BaseClass.KiteTest" time="3.501" errors="0" timestamp="2020-12-04T14:18:27 IST" skipped="0">
  <testcase classname="POM_DDF_Testng_BaseClass.KiteTest" name="verifyProfileName" time="3.501"/>
  <system-out/>
</testsuite> <!-- POM_DDF_Testng_BaseClass.KiteTest -->
