<?xml version="1.0" encoding="UTF-8"?>
<!-- Generated by org.testng.reporters.JUnitReportReporter -->
<testsuite hostname="NARAYAN" failures="0" tests="2" name="TestNG.emailable_report" time="0.017" errors="0" timestamp="2020-12-02T22:08:33 IST" skipped="0">
  <testcase classname="TestNG.emailable_report" name="TC2" time="0.005"/>
  <system-out>
Running TC2...  </system-out>
  <testcase classname="TestNG.emailable_report" name="TC1" time="0.012"/>
  <system-out>
Running TC1  </system-out>
</testsuite> <!-- TestNG.emailable_report -->
