<?xml version="1.0" encoding="UTF-8"?>
<!-- Generated by org.testng.reporters.JUnitReportReporter -->
<testsuite hostname="NARAYAN" failures="0" tests="1" name="TestNG.keyword_grouping" time="0.016" errors="0" timestamp="2020-12-09T16:44:52 IST" skipped="0">
  <testcase classname="TestNG.keyword_grouping" name="TC2" time="0.016"/>
  <system-out/>
</testsuite> <!-- TestNG.keyword_grouping -->
