<?xml version="1.0" encoding="UTF-8"?>
<!-- Generated by org.testng.reporters.JUnitReportReporter -->
<testsuite hostname="NARAYAN" failures="0" tests="1" name="TestNG.sample2" time="0.002" errors="0" timestamp="2020-12-02T22:17:28 IST" skipped="0">
  <testcase classname="TestNG.sample2" name="TC3" time="0.002"/>
  <system-out>
Running TC3  </system-out>
</testsuite> <!-- TestNG.sample2 -->
