<?xml version="1.0" encoding="UTF-8"?>
<!-- Generated by org.testng.reporters.JUnitReportReporter -->
<testsuite hostname="NARAYAN" failures="0" tests="1" name="paraller.class2" time="12.529" errors="0" timestamp="2021-01-16T12:59:37 IST" skipped="0">
  <testcase classname="paraller.class2" name="TC2" time="12.529"/>
  <system-out/>
</testsuite> <!-- paraller.class2 -->
