<?xml version="1.0" encoding="UTF-8"?>
<!-- Generated by org.testng.reporters.JUnitReportReporter -->
<testsuite hostname="NARAYAN" failures="0" tests="2" name="failure_xml_file.Sample" time="0.003" errors="0" timestamp="2020-12-08T17:22:13 IST" skipped="0">
  <testcase classname="failure_xml_file.Sample" name="TC5" time="0.002"/>
  <system-out>
Running TC5  </system-out>
  <testcase classname="failure_xml_file.Sample" name="TC4" time="0.001"/>
  <system-out>
Running TC4  </system-out>
</testsuite> <!-- failure_xml_file.Sample -->
